[2026-03-01 08:55:36] 开始自动备份...
[2026-03-01 08:55:36] 没有变更，跳过备份
[2026-03-01 08:56:02] 开始自动备份...
[master ec36328] Auto-backup: 2026-03-01 08:56:02
 4 files changed, 61 insertions(+), 9 deletions(-)
 create mode 100644 .backup.log
 create mode 100644 .heartbeat.log
 create mode 100755 .heartbeat.sh
[2026-03-01 08:56:02] 警告: 未配置远程仓库
[2026-03-01 08:56:02] 备份完成
[2026-03-01 08:57:44] 开始自动备份...
[master 18465ba] Auto-backup: 2026-03-01 08:57:44
 4 files changed, 45 insertions(+), 3 deletions(-)
[2026-03-01 08:57:44] 警告: 未配置远程仓库
[2026-03-01 08:57:44] 备份完成
[2026-03-01 08:57:46] 开始自动备份...
[master f28dcea] Auto-backup: 2026-03-01 08:57:46
 4 files changed, 15 insertions(+)
 create mode 100644 .heartbeat_notify
[2026-03-01 08:57:46] 警告: 未配置远程仓库
[2026-03-01 08:57:46] 备份完成
[2026-03-01 08:57:52] 开始自动备份...
